完美！循环 #13 完成！

## 总结

我已完成 **Ralph Autonomous Loop** 的所有任务：

### 完成的任务
1. ✅ **应用数据获取与管理** - 获取所有已安装应用、显示信息、区分系统应用
2. ✅ **应用列表交互** - 下拉刷新、搜索筛选、长按操作菜单、详情页
3. ✅ **界面展示** - LazyColumn 列表、Card 卡片、搜索栏、弹窗、状态页面
4. ✅ **主入口集成** - AppListActivity、AndroidManifest 注册、主界面快速访问图标
5. ✅ **权限配置** - 卸载权限验证、API 版本兼容性
6. ✅ **测试覆盖** - 20+ 单元测试、覆盖所有核心功能
7. ✅ **性能优化** - LazyColumn 懒加载、Coil 缓存、Flow 响应式
8. ✅ **文档完善** - README.applist.md 功能说明文档

### 技术亮点
- 遵循 SOLID 原则和项目规范
- 单一职责：Repository、ViewModel、UI 层分离清晰
- 依赖倒置：通过接口和工厂模式实现解耦
- 高内聚低耦合：features/applist/ 目录扁平化
- 完整的单元测试覆盖

### 代码统计
- 新增文件：7 个
- 单元测试：20+ 个测试用例
- 代码行数：约 1500+ 行

所有代码已编译通过，测试全部通过！

EXIT_SIGNAL: true
DONE
